<?xml version="1.0" encoding="UTF-8"?>
<testng-results skipped="0" failed="1" ignored="0" total="8" passed="7">
  <reporter-output>
  </reporter-output>
  <suite name="Command line suite" duration-ms="11142" started-at="2023-08-01T19:47:22 BST" finished-at="2023-08-01T19:47:34 BST">
    <groups>
    </groups>
    <test name="Command line test" duration-ms="11142" started-at="2023-08-01T19:47:22 BST" finished-at="2023-08-01T19:47:34 BST">
      <class name="com.restful.booker.crudtest.DeleteTest">
        <test-method status="PASS" signature="inIt()[pri:0, instance:com.restful.booker.crudtest.DeleteTest@490ab905]" name="inIt" is-config="true" duration-ms="1075" started-at="2023-08-01T19:47:22 BST" finished-at="2023-08-01T19:47:23 BST">
          <reporter-output>
          </reporter-output>
        </test-method> <!-- inIt -->
        <test-method status="PASS" signature="getSingleBookingID()[pri:0, instance:com.restful.booker.crudtest.DeleteTest@490ab905]" name="getSingleBookingID" duration-ms="4675" started-at="2023-08-01T19:47:23 BST" finished-at="2023-08-01T19:47:28 BST">
          <reporter-output>
          </reporter-output>
        </test-method> <!-- getSingleBookingID -->
      </class> <!-- com.restful.booker.crudtest.DeleteTest -->
      <class name="com.restful.booker.crudtest.PutTest">
        <test-method status="PASS" signature="inIt()[pri:0, instance:com.restful.booker.crudtest.PutTest@6e06451e]" name="inIt" is-config="true" duration-ms="0" started-at="2023-08-01T19:47:33 BST" finished-at="2023-08-01T19:47:33 BST">
          <reporter-output>
          </reporter-output>
        </test-method> <!-- inIt -->
        <test-method status="PASS" signature="updateCurrentBooking()[pri:0, instance:com.restful.booker.crudtest.PutTest@6e06451e]" name="updateCurrentBooking" duration-ms="518" started-at="2023-08-01T19:47:33 BST" finished-at="2023-08-01T19:47:34 BST">
          <reporter-output>
          </reporter-output>
        </test-method> <!-- updateCurrentBooking -->
      </class> <!-- com.restful.booker.crudtest.PutTest -->
      <class name="com.restful.booker.crudtest.GetTest">
        <test-method status="PASS" signature="inIt()[pri:0, instance:com.restful.booker.crudtest.GetTest@56ac3a89]" name="inIt" is-config="true" duration-ms="1" started-at="2023-08-01T19:47:28 BST" finished-at="2023-08-01T19:47:28 BST">
          <reporter-output>
          </reporter-output>
        </test-method> <!-- inIt -->
        <test-method status="PASS" signature="getAllBookingIDs()[pri:0, instance:com.restful.booker.crudtest.GetTest@56ac3a89]" name="getAllBookingIDs" duration-ms="1278" started-at="2023-08-01T19:47:28 BST" finished-at="2023-08-01T19:47:29 BST">
          <reporter-output>
          </reporter-output>
        </test-method> <!-- getAllBookingIDs -->
        <test-method status="PASS" signature="getPingHealthCheck()[pri:0, instance:com.restful.booker.crudtest.GetTest@56ac3a89]" name="getPingHealthCheck" duration-ms="784" started-at="2023-08-01T19:47:29 BST" finished-at="2023-08-01T19:47:30 BST">
          <reporter-output>
          </reporter-output>
        </test-method> <!-- getPingHealthCheck -->
        <test-method status="FAIL" signature="getSingleBookingID()[pri:0, instance:com.restful.booker.crudtest.GetTest@56ac3a89]" name="getSingleBookingID" duration-ms="565" started-at="2023-08-01T19:47:30 BST" finished-at="2023-08-01T19:47:31 BST">
          <exception class="java.lang.AssertionError">
            <message>
              <![CDATA[1 expectation failed.
Expected status code <200> but was <404>.
]]>
            </message>
            <full-stacktrace>
              <![CDATA[java.lang.AssertionError: 1 expectation failed.
Expected status code <200> but was <404>.

at sun.reflect.NativeConstructorAccessorImpl.newInstance0(Native Method)
at sun.reflect.NativeConstructorAccessorImpl.newInstance(NativeConstructorAccessorImpl.java:62)
at sun.reflect.DelegatingConstructorAccessorImpl.newInstance(DelegatingConstructorAccessorImpl.java:45)
at java.lang.reflect.Constructor.newInstance(Constructor.java:423)
at org.codehaus.groovy.reflection.CachedConstructor.invoke(CachedConstructor.java:72)
at org.codehaus.groovy.reflection.CachedConstructor.doConstructorInvoke(CachedConstructor.java:59)
at org.codehaus.groovy.runtime.callsite.ConstructorSite$ConstructorSiteNoUnwrap.callConstructor(ConstructorSite.java:84)
at org.codehaus.groovy.runtime.callsite.CallSiteArray.defaultCallConstructor(CallSiteArray.java:59)
at org.codehaus.groovy.runtime.callsite.AbstractCallSite.callConstructor(AbstractCallSite.java:263)
at org.codehaus.groovy.runtime.callsite.AbstractCallSite.callConstructor(AbstractCallSite.java:277)
at io.restassured.internal.ResponseSpecificationImpl$HamcrestAssertionClosure.validate(ResponseSpecificationImpl.groovy:493)
at io.restassured.internal.ResponseSpecificationImpl$HamcrestAssertionClosure$validate$1.call(Unknown Source)
at io.restassured.internal.ResponseSpecificationImpl.validateResponseIfRequired(ResponseSpecificationImpl.groovy:674)
at sun.reflect.NativeMethodAccessorImpl.invoke0(Native Method)
at sun.reflect.NativeMethodAccessorImpl.invoke(NativeMethodAccessorImpl.java:62)
at sun.reflect.DelegatingMethodAccessorImpl.invoke(DelegatingMethodAccessorImpl.java:43)
at java.lang.reflect.Method.invoke(Method.java:498)
at org.codehaus.groovy.runtime.callsite.PlainObjectMetaMethodSite.doInvoke(PlainObjectMetaMethodSite.java:43)
at org.codehaus.groovy.runtime.callsite.PogoMetaMethodSite$PogoCachedMethodSiteNoUnwrapNoCoerce.invoke(PogoMetaMethodSite.java:193)
at org.codehaus.groovy.runtime.callsite.PogoMetaMethodSite.callCurrent(PogoMetaMethodSite.java:61)
at org.codehaus.groovy.runtime.callsite.AbstractCallSite.callCurrent(AbstractCallSite.java:185)
at io.restassured.internal.ResponseSpecificationImpl.statusCode(ResponseSpecificationImpl.groovy:126)
at io.restassured.specification.ResponseSpecification$statusCode$0.callCurrent(Unknown Source)
at io.restassured.internal.ResponseSpecificationImpl.statusCode(ResponseSpecificationImpl.groovy:134)
at io.restassured.internal.ValidatableResponseOptionsImpl.statusCode(ValidatableResponseOptionsImpl.java:89)
at io.restassured.internal.ValidatableResponseImpl.super$2$statusCode(ValidatableResponseImpl.groovy)
at sun.reflect.NativeMethodAccessorImpl.invoke0(Native Method)
at sun.reflect.NativeMethodAccessorImpl.invoke(NativeMethodAccessorImpl.java:62)
at sun.reflect.DelegatingMethodAccessorImpl.invoke(DelegatingMethodAccessorImpl.java:43)
at java.lang.reflect.Method.invoke(Method.java:498)
at org.codehaus.groovy.reflection.CachedMethod.invoke(CachedMethod.java:107)
at groovy.lang.MetaMethod.doMethodInvoke(MetaMethod.java:323)
at groovy.lang.MetaClassImpl.invokeMethod(MetaClassImpl.java:1262)
at org.codehaus.groovy.runtime.ScriptBytecodeAdapter.invokeMethodOnSuperN(ScriptBytecodeAdapter.java:144)
at io.restassured.internal.ValidatableResponseImpl.statusCode(ValidatableResponseImpl.groovy:142)
at io.restassured.internal.ValidatableResponseImpl.statusCode(ValidatableResponseImpl.groovy)
at com.restful.booker.crudtest.GetTest.getSingleBookingID(GetTest.java:23)
at sun.reflect.NativeMethodAccessorImpl.invoke0(Native Method)
at sun.reflect.NativeMethodAccessorImpl.invoke(NativeMethodAccessorImpl.java:62)
at sun.reflect.DelegatingMethodAccessorImpl.invoke(DelegatingMethodAccessorImpl.java:43)
at java.lang.reflect.Method.invoke(Method.java:498)
at org.testng.internal.MethodInvocationHelper.invokeMethod(MethodInvocationHelper.java:134)
at org.testng.internal.TestInvoker.invokeMethod(TestInvoker.java:597)
at org.testng.internal.TestInvoker.invokeTestMethod(TestInvoker.java:173)
at org.testng.internal.MethodRunner.runInSequence(MethodRunner.java:46)
at org.testng.internal.TestInvoker$MethodInvocationAgent.invoke(TestInvoker.java:816)
at org.testng.internal.TestInvoker.invokeTestMethods(TestInvoker.java:146)
at org.testng.internal.TestMethodWorker.invokeTestMethods(TestMethodWorker.java:146)
at org.testng.internal.TestMethodWorker.run(TestMethodWorker.java:128)
at java.util.ArrayList.forEach(ArrayList.java:1249)
at org.testng.TestRunner.privateRun(TestRunner.java:766)
at org.testng.TestRunner.run(TestRunner.java:587)
at org.testng.SuiteRunner.runTest(SuiteRunner.java:384)
at org.testng.SuiteRunner.runSequentially(SuiteRunner.java:378)
at org.testng.SuiteRunner.privateRun(SuiteRunner.java:337)
at org.testng.SuiteRunner.run(SuiteRunner.java:286)
at org.testng.SuiteRunnerWorker.runSuite(SuiteRunnerWorker.java:53)
at org.testng.SuiteRunnerWorker.run(SuiteRunnerWorker.java:96)
at org.testng.TestNG.runSuitesSequentially(TestNG.java:1187)
at org.testng.TestNG.runSuitesLocally(TestNG.java:1109)
at org.testng.TestNG.runSuites(TestNG.java:1039)
at org.testng.TestNG.run(TestNG.java:1007)
at org.apache.maven.surefire.testng.TestNGExecutor.run(TestNGExecutor.java:77)
at org.apache.maven.surefire.testng.TestNGDirectoryTestSuite.executeMulti(TestNGDirectoryTestSuite.java:159)
at org.apache.maven.surefire.testng.TestNGDirectoryTestSuite.execute(TestNGDirectoryTestSuite.java:99)
at org.apache.maven.surefire.testng.TestNGProvider.invoke(TestNGProvider.java:106)
at sun.reflect.NativeMethodAccessorImpl.invoke0(Native Method)
at sun.reflect.NativeMethodAccessorImpl.invoke(NativeMethodAccessorImpl.java:62)
at sun.reflect.DelegatingMethodAccessorImpl.invoke(DelegatingMethodAccessorImpl.java:43)
at java.lang.reflect.Method.invoke(Method.java:498)
at org.apache.maven.surefire.util.ReflectionUtils.invokeMethodWithArray(ReflectionUtils.java:189)
at org.apache.maven.surefire.booter.ProviderFactory$ProviderProxy.invoke(ProviderFactory.java:165)
at org.apache.maven.surefire.booter.ProviderFactory.invokeProvider(ProviderFactory.java:85)
at org.apache.maven.surefire.booter.ForkedBooter.runSuitesInProcess(ForkedBooter.java:115)
at org.apache.maven.surefire.booter.ForkedBooter.main(ForkedBooter.java:75)
]]>
            </full-stacktrace>
          </exception> <!-- java.lang.AssertionError -->
          <reporter-output>
          </reporter-output>
        </test-method> <!-- getSingleBookingID -->
      </class> <!-- com.restful.booker.crudtest.GetTest -->
      <class name="com.restful.booker.crudtest.PatchTest">
        <test-method status="PASS" signature="inIt()[pri:0, instance:com.restful.booker.crudtest.PatchTest@27c20538]" name="inIt" is-config="true" duration-ms="0" started-at="2023-08-01T19:47:31 BST" finished-at="2023-08-01T19:47:31 BST">
          <reporter-output>
          </reporter-output>
        </test-method> <!-- inIt -->
        <test-method status="PASS" signature="updateARecordPartially()[pri:0, instance:com.restful.booker.crudtest.PatchTest@27c20538]" name="updateARecordPartially" duration-ms="1005" started-at="2023-08-01T19:47:31 BST" finished-at="2023-08-01T19:47:32 BST">
          <reporter-output>
          </reporter-output>
        </test-method> <!-- updateARecordPartially -->
      </class> <!-- com.restful.booker.crudtest.PatchTest -->
      <class name="com.restful.booker.crudtest.PostTest">
        <test-method status="PASS" signature="createBooking()[pri:0, instance:com.restful.booker.crudtest.PostTest@72d818d1]" name="createBooking" duration-ms="615" started-at="2023-08-01T19:47:32 BST" finished-at="2023-08-01T19:47:32 BST">
          <reporter-output>
          </reporter-output>
        </test-method> <!-- createBooking -->
        <test-method status="PASS" signature="createToken()[pri:0, instance:com.restful.booker.crudtest.PostTest@72d818d1]" name="createToken" duration-ms="551" started-at="2023-08-01T19:47:32 BST" finished-at="2023-08-01T19:47:33 BST">
          <reporter-output>
          </reporter-output>
        </test-method> <!-- createToken -->
      </class> <!-- com.restful.booker.crudtest.PostTest -->
    </test> <!-- Command line test -->
  </suite> <!-- Command line suite -->
</testng-results>
